<?xml version="1.0" encoding="UTF-8"?>
<!-- Generated by org.testng.reporters.JUnitXMLReporter -->
<testsuite hostname="JIM-TI8227" name="Default test" tests="6" failures="0" timestamp="25 Oct 2015 03:24:57 GMT" time="102.938" errors="0">
  <testcase name="Invalid_login" time="19.014" classname="TestCases.LoginTestcase"/>
  <testcase name="Invalid_login" time="16.765" classname="TestCases.LoginTestcase"/>
  <testcase name="Invalid_login" time="15.876" classname="TestCases.LoginTestcase"/>
  <testcase name="Invalid_login" time="17.309" classname="TestCases.LoginTestcase"/>
  <testcase name="Invalid_login" time="15.368" classname="TestCases.LoginTestcase"/>
  <testcase name="Invalid_login" time="17.082" classname="TestCases.LoginTestcase"/>
</testsuite> <!-- Default test -->
